<?xml version="1.0" encoding="UTF-8"?>
<!-- Generated by org.testng.reporters.JUnitXMLReporter -->
<testsuite ignored="0" hostname="H0001N5119B59Y" failures="0" tests="8" name="Default test" time="0.13" errors="0" timestamp="2022-08-17T01:46:34 WIB">
  <testcase classname="imronTest.TokopediaProject.BaseTest" name="@BeforeTest setUp" time="-1.660675594691E9">
    <failure type="org.testng.TestNGException" message="
Parameter &amp;apos;browserName&amp;apos; is required by BeforeTest on method setUp but has not been marked @Optional or defined
in C:\Users\sqmv2102\AppData\Local\Temp\testng-eclipse--1144268181\testng-customsuite.xml">
      <![CDATA[org.testng.TestNGException: 
Parameter 'browserName' is required by BeforeTest on method setUp but has not been marked @Optional or defined
in C:\Users\sqmv2102\AppData\Local\Temp\testng-eclipse--1144268181\testng-customsuite.xml
at org.testng.internal.Parameters.createParams(Parameters.java:270)
at org.testng.internal.Parameters.createParametersForMethod(Parameters.java:358)
at org.testng.internal.Parameters.createParameters(Parameters.java:700)
at org.testng.internal.Parameters.createConfigurationParameters(Parameters.java:168)
at org.testng.internal.ConfigInvoker.invokeConfigurations(ConfigInvoker.java:302)
at org.testng.TestRunner.invokeTestConfigurations(TestRunner.java:637)
at org.testng.TestRunner.beforeRun(TestRunner.java:627)
at org.testng.TestRunner.run(TestRunner.java:589)
at org.testng.SuiteRunner.runTest(SuiteRunner.java:377)
at org.testng.SuiteRunner.runSequentially(SuiteRunner.java:371)
at org.testng.SuiteRunner.privateRun(SuiteRunner.java:332)
at org.testng.SuiteRunner.run(SuiteRunner.java:276)
at org.testng.SuiteRunnerWorker.runSuite(SuiteRunnerWorker.java:53)
at org.testng.SuiteRunnerWorker.run(SuiteRunnerWorker.java:96)
at org.testng.TestNG.runSuitesSequentially(TestNG.java:1212)
at org.testng.TestNG.runSuitesLocally(TestNG.java:1134)
at org.testng.TestNG.runSuites(TestNG.java:1063)
at org.testng.TestNG.run(TestNG.java:1031)
at org.testng.remote.AbstractRemoteTestNG.run(AbstractRemoteTestNG.java:115)
at org.testng.remote.RemoteTestNG.initAndRun(RemoteTestNG.java:251)
at org.testng.remote.RemoteTestNG.main(RemoteTestNG.java:77)
]]>
    </failure>
  </testcase> <!-- @BeforeTest setUp -->
  <testcase classname="imronTest.TokopediaProject.BaseTest" name="@AfterMethod afterMyMethod" time="-1.660675594764E9">
    <skipped/>
  </testcase> <!-- @AfterMethod afterMyMethod -->
  <testcase classname="imronTest.TokopediaProject.BaseTest" name="@AfterMethod afterMyMethod" time="-1.660675594776E9">
    <skipped/>
  </testcase> <!-- @AfterMethod afterMyMethod -->
  <testcase classname="imronTest.TokopediaProject.BaseTest" name="@AfterMethod afterMyMethod" time="-1.660675594784E9">
    <skipped/>
  </testcase> <!-- @AfterMethod afterMyMethod -->
  <testcase classname="imronTest.TokopediaProject.BaseTest" name="@AfterMethod afterMyMethod" time="-1.660675594789E9">
    <skipped/>
  </testcase> <!-- @AfterMethod afterMyMethod -->
  <testcase classname="imronTest.TokopediaProject.BaseTest" name="@AfterMethod afterMyMethod" time="-1.660675594794E9">
    <skipped/>
  </testcase> <!-- @AfterMethod afterMyMethod -->
  <testcase classname="imronTest.TokopediaProject.BaseTest" name="@AfterMethod afterMyMethod" time="-1.660675594799E9">
    <skipped/>
  </testcase> <!-- @AfterMethod afterMyMethod -->
  <testcase classname="imronTest.TokopediaProject.BaseTest" name="@AfterMethod afterMyMethod" time="-1.660675594805E9">
    <skipped/>
  </testcase> <!-- @AfterMethod afterMyMethod -->
  <testcase classname="imronTest.TokopediaProject.BaseTest" name="@AfterMethod afterMyMethod" time="-1.66067559481E9">
    <skipped/>
  </testcase> <!-- @AfterMethod afterMyMethod -->
  <testcase classname="imronTest.TokopediaProject.BaseTest" name="@AfterTest afterTest" time="-1.660675594812E9">
    <skipped/>
  </testcase> <!-- @AfterTest afterTest -->
  <testcase classname="imronTest.TokopediaProject.BaseTest" name="loginToSite" time="0.0">
    <skipped/>
  </testcase> <!-- loginToSite -->
  <testcase classname="imronTest.TokopediaProject.BaseTest" name="verifyLoggedIn" time="0.0">
    <skipped/>
  </testcase> <!-- verifyLoggedIn -->
  <testcase classname="imronTest.TokopediaProject.BaseTest" name="sortTheProductByHighestPrice" time="0.0">
    <skipped/>
  </testcase> <!-- sortTheProductByHighestPrice -->
  <testcase classname="imronTest.TokopediaProject.BaseTest" name="verifySortingResultByHighestPrice" time="0.0">
    <skipped/>
  </testcase> <!-- verifySortingResultByHighestPrice -->
  <testcase classname="imronTest.TokopediaProject.BaseTest" name="selectAndVerifyFirstResult" time="0.0">
    <skipped/>
  </testcase> <!-- selectAndVerifyFirstResult -->
  <testcase classname="imronTest.TokopediaProject.BaseTest" name="buySelectedProductAndVerify" time="0.0">
    <skipped/>
  </testcase> <!-- buySelectedProductAndVerify -->
  <testcase classname="imronTest.TokopediaProject.BaseTest" name="checkOutAndEnterRequired" time="0.0">
    <skipped/>
  </testcase> <!-- checkOutAndEnterRequired -->
  <testcase classname="imronTest.TokopediaProject.BaseTest" name="verifyTheOrderStatus" time="0.0">
    <skipped/>
  </testcase> <!-- verifyTheOrderStatus -->
</testsuite> <!-- Default test -->
